Containers:
  [+] MainContainer:
   |            ID: 0x0000000000000000
   |        Bounds: IsValid=false, Min=(X=0.000 Y=0.000 Z=0.000), Max=(X=0.000 Y=0.000 Z=0.000)
   |     Transform: 0.000000,0.000000,0.000000|0.000000,0.000000,-0.000000|1.000000,1.000000,1.000000
   |     Container: /Game/ThirdPerson/Maps/ThirdPersonMap
   |  ActorDescs:
   |      - Guid:01B762974DF5397A171EC5A7D8694CC0 Class:Actor Name:DayNightCycleLight_C_UAID_309C23A640AD0A4801_1433384952 SpatiallyLoaded:true Bounds:IsValid=true, Min=(X=-1048576.000 Y=-1048576.000 Z=-1048576.000), Max=(X=1048576.000 Y=1048576.000 Z=1048576.000) RuntimeGrid:None EditorOnly:false LevelBoundsRelevant:true HLODRelevant:false FolderPath:Lighting FolderGuid:963EC3EB4002CCE9759E2EBA541A873A Parent:00000000000000000000000000000000
   |      - Guid:2FB58999456391D349DC0F86DAC136ED Class:SkyLight Name:SkyLight_1 SpatiallyLoaded:false Bounds:IsValid=true, Min=(X=0.000 Y=0.000 Z=690.000), Max=(X=0.000 Y=0.000 Z=690.000) RuntimeGrid:None EditorOnly:false LevelBoundsRelevant:false HLODRelevant:false FolderPath:Lighting FolderGuid:963EC3EB4002CCE9759E2EBA541A873A Parent:00000000000000000000000000000000
   |      - Guid:316CF2A6494ACA4C0E4180A87D36AB8F Class:ExponentialHeightFog Name:ExponentialHeightFog_0 SpatiallyLoaded:false Bounds:IsValid=true, Min=(X=-5600.000 Y=-50.000 Z=-6850.000), Max=(X=-5600.000 Y=-50.000 Z=-6850.000) RuntimeGrid:None EditorOnly:false LevelBoundsRelevant:false HLODRelevant:false FolderPath:Lighting FolderGuid:963EC3EB4002CCE9759E2EBA541A873A Parent:00000000000000000000000000000000
   |      - Guid:39015931490FE85B3C85EEBF22B763B2 Class:StaticMeshActor Name:StaticMeshActor_UAID_309C23A640ADE45001_1948735771 SpatiallyLoaded:true Bounds:IsValid=true, Min=(X=-5180.449 Y=3715.894 Z=50.644), Max=(X=-957.775 Y=8325.903 Z=298.221) RuntimeGrid:None EditorOnly:false LevelBoundsRelevant:true HLODRelevant:true FolderPath:Isla FolderGuid:043DE2594BE496CCD462A1B3DF96E5E4 Parent:00000000000000000000000000000000
   |      - Guid:3A00AA1C422CE54C0BDB60BAF471BFBB Class:PlayerStart Name:PlayerStart_0 SpatiallyLoaded:false Bounds:IsValid=true, Min=(X=-2700.000 Y=5030.000 Z=290.013), Max=(X=-2620.000 Y=5110.000 Z=474.013) RuntimeGrid:None EditorOnly:false LevelBoundsRelevant:true HLODRelevant:false FolderPath:None FolderGuid:00000000000000000000000000000000 Parent:00000000000000000000000000000000
   |      - Guid:4D3BE93F4146AAAC8BBE79999D96D57F Class:VolumetricCloud Name:VolumetricCloud_0 SpatiallyLoaded:false Bounds:IsValid=true, Min=(X=0.000 Y=0.000 Z=820.000), Max=(X=0.000 Y=0.000 Z=820.000) RuntimeGrid:None EditorOnly:false LevelBoundsRelevant:false HLODRelevant:false FolderPath:Lighting FolderGuid:963EC3EB4002CCE9759E2EBA541A873A Parent:00000000000000000000000000000000
   |      - Guid:6BAF4DDD444C60371492D3919DB42C97 Class:WorldDataLayers Name:WorldDataLayers SpatiallyLoaded:false Bounds:IsValid=true, Min=(X=0.000 Y=0.000 Z=0.000), Max=(X=0.000 Y=0.000 Z=0.000) RuntimeGrid:None EditorOnly:false LevelBoundsRelevant:false HLODRelevant:false FolderPath:None FolderGuid:00000000000000000000000000000000 Parent:00000000000000000000000000000000
   |      - Guid:752B164E41F77FA6D4D99784C458EE18 Class:StaticMeshActor Name:StaticMeshActor_UAID_309C23A640ADE45001_1952987772 SpatiallyLoaded:true Bounds:IsValid=true, Min=(X=-1275.670 Y=1954.484 Z=46.343), Max=(X=3913.812 Y=8024.114 Z=299.869) RuntimeGrid:None EditorOnly:false LevelBoundsRelevant:true HLODRelevant:true FolderPath:Isla FolderGuid:043DE2594BE496CCD462A1B3DF96E5E4 Parent:00000000000000000000000000000000
   |      - Guid:8D4425714FA78C114CC05B83D4B56927 Class:StaticMeshActor Name:StaticMeshActor_UAID_309C23A640ADE45001_1943939769 SpatiallyLoaded:true Bounds:IsValid=true, Min=(X=-2004.217 Y=-3863.990 Z=35.705), Max=(X=3204.825 Y=2364.656 Z=310.928) RuntimeGrid:None EditorOnly:false LevelBoundsRelevant:true HLODRelevant:true FolderPath:Isla FolderGuid:043DE2594BE496CCD462A1B3DF96E5E4 Parent:00000000000000000000000000000000
   |      - Guid:96B1A4024713D21907479D80B3762211 Class:StaticMeshActor Name:StaticMeshActor_UAID_309C23A640ADE45001_1942775768 SpatiallyLoaded:true Bounds:IsValid=true, Min=(X=-5827.197 Y=-2002.102 Z=41.648), Max=(X=-2120.816 Y=2887.996 Z=302.849) RuntimeGrid:None EditorOnly:false LevelBoundsRelevant:true HLODRelevant:true FolderPath:Isla FolderGuid:043DE2594BE496CCD462A1B3DF96E5E4 Parent:00000000000000000000000000000000
   |      - Guid:B785ED2844B84CFB91E7F39FE661CD99 Class:DirectionalLight Name:DirectionalLight_0 SpatiallyLoaded:false Bounds:IsValid=true, Min=(X=-1048576.000 Y=-1048576.000 Z=-1048576.000), Max=(X=1048576.000 Y=1048576.000 Z=1048576.000) RuntimeGrid:None EditorOnly:false LevelBoundsRelevant:false HLODRelevant:false FolderPath:Lighting FolderGuid:963EC3EB4002CCE9759E2EBA541A873A Parent:00000000000000000000000000000000
   |      - Guid:CCFF262C46EEFFDF319E7F9539CE697E Class:SkyAtmosphere Name:SkyAtmosphere_0 SpatiallyLoaded:false Bounds:IsValid=true, Min=(X=0.000 Y=0.000 Z=1020.000), Max=(X=0.000 Y=0.000 Z=1020.000) RuntimeGrid:None EditorOnly:false LevelBoundsRelevant:false HLODRelevant:false FolderPath:Lighting FolderGuid:963EC3EB4002CCE9759E2EBA541A873A Parent:00000000000000000000000000000000
   |      - Guid:EC4E0C944CE6AC6E784BC6BB2916EA13 Class:StaticMeshActor Name:StaticMeshActor_UAID_A4AE111137DC5EFB00_1110535423 SpatiallyLoaded:true Bounds:IsValid=true, Min=(X=-1638400.000 Y=-1638400.000 Z=-1638400.000), Max=(X=1638400.000 Y=1638400.000 Z=1638400.000) RuntimeGrid:None EditorOnly:false LevelBoundsRelevant:true HLODRelevant:true FolderPath:Lighting FolderGuid:963EC3EB4002CCE9759E2EBA541A873A Parent:00000000000000000000000000000000
   |      - Guid:F5E3FEB3450C49844FD93DA8E083C8AD Class:PostProcessVolume Name:PostProcessVolume_0 SpatiallyLoaded:false Bounds:IsValid=true, Min=(X=0.000 Y=0.000 Z=400.000), Max=(X=200.000 Y=200.000 Z=600.000) RuntimeGrid:None EditorOnly:false LevelBoundsRelevant:false HLODRelevant:false FolderPath:Lighting FolderGuid:963EC3EB4002CCE9759E2EBA541A873A Parent:00000000000000000000000000000000
